<?xml version="1.0" encoding="UTF-8"?>
<testsuite name="com.damon140.ur.UrTest" tests="2" skipped="0" failures="0" errors="0" timestamp="2022-01-08T08:20:38" hostname="LAPTOP-PMA9SV9K" time="0.031">
  <properties/>
  <testcase name="calculateNewSquareNoArgs()" classname="com.damon140.ur.UrTest" time="0.029"/>
  <testcase name="calculateNewSquare()" classname="com.damon140.ur.UrTest" time="0.001"/>
  <system-out><![CDATA[]]></system-out>
  <system-err><![CDATA[]]></system-err>
</testsuite>
