<?xml version="1.0" encoding="UTF-8"?>
<testsuite name="com.damon140.ur.UrTest" tests="5" skipped="0" failures="0" errors="0" timestamp="2022-03-23T09:27:46" hostname="DESKTOP-EE6TSUL" time="0.354">
  <properties/>
  <testcase name="calculateNewSquareNoArgs()" classname="com.damon140.ur.UrTest" time="0.029"/>
  <testcase name="d()" classname="com.damon140.ur.UrTest" time="0.0"/>
  <testcase name="dice()" classname="com.damon140.ur.UrTest" time="0.321"/>
  <testcase name="other()" classname="com.damon140.ur.UrTest" time="0.0"/>
  <testcase name="calculateNewSquare()" classname="com.damon140.ur.UrTest" time="0.0"/>
  <system-out><![CDATA[]]></system-out>
  <system-err><![CDATA[]]></system-err>
</testsuite>
